psf__requests-1963           C_both    r0 success=True  tok=   421 calls= 3 turns= 3 gold=['requests/sessions.py'] got=['requests/sessions.py']
psf__requests-1963           C_both    r1 success=True  tok=   491 calls= 3 turns= 3 gold=['requests/sessions.py'] got=['requests/sessions.py']
psf__requests-1963           C_both    r2 success=True  tok=   407 calls= 3 turns= 3 gold=['requests/sessions.py'] got=['requests/sessions.py']
psf__requests-1963           D_forced  r0 success=True  tok=   517 calls= 3 turns= 3 gold=['requests/sessions.py'] got=['requests/sessions.py']
psf__requests-1963           D_forced  r1 success=True  tok=   433 calls= 3 turns= 3 gold=['requests/sessions.py'] got=['requests/sessions.py']
psf__requests-1963           D_forced  r2 success=False tok=   518 calls= 3 turns= 3 gold=['requests/sessions.py'] got=['.', '/', 'e', 'i', 'n', 'o', 'p', 'q', 'r', 's', 't', 'u', 'y']
psf__requests-2148           C_both    r0 success=False tok=   936 calls= 7 turns= 4 gold=['requests/models.py'] got=['.', '/', 'd', 'e', 'l', 'm', 'o', 'p', 'q', 'r', 's', 't', 'u', 'y']
psf__requests-2148           C_both    r1 success=True  tok=  1267 calls= 8 turns= 4 gold=['requests/models.py'] got=['requests/models.py']
psf__requests-2148           C_both    r2 success=True  tok=  1156 calls= 7 turns= 4 gold=['requests/models.py'] got=['requests/models.py']
psf__requests-2148           D_forced  r0 success=False tok=  1469 calls= 9 turns= 6 gold=['requests/models.py'] got=['.', '/', 'd', 'e', 'l', 'm', 'o', 'p', 'q', 'r', 's', 't', 'u', 'y']
psf__requests-2148           D_forced  r1 success=True  tok=  1601 calls= 9 turns= 5 gold=['requests/models.py'] got=['requests/models.py']
psf__requests-2148           D_forced  r2 success=True  tok=  1248 calls= 7 turns= 5 gold=['requests/models.py'] got=['requests/models.py']
psf__requests-2317           C_both    r0 success=True  tok=   472 calls= 4 turns= 3 gold=['requests/sessions.py'] got=['requests/sessions.py']
psf__requests-2317           C_both    r1 success=True  tok=   487 calls= 4 turns= 3 gold=['requests/sessions.py'] got=['requests/sessions.py']
psf__requests-2317           C_both    r2 success=False tok=   520 calls= 4 turns= 3 gold=['requests/sessions.py'] got=['.', '/', 'e', 'i', 'n', 'o', 'p', 'q', 'r', 's', 't', 'u', 'y']
psf__requests-2317           D_forced  r0 success=True  tok=  1168 calls= 8 turns= 5 gold=['requests/sessions.py'] got=['requests/sessions.py']
psf__requests-2317           D_forced  r1 success=True  tok=   864 calls= 6 turns= 4 gold=['requests/sessions.py'] got=['requests/sessions.py']
psf__requests-2317           D_forced  r2 success=True  tok=   624 calls= 5 turns= 3 gold=['requests/sessions.py'] got=['requests/sessions.py']
psf__requests-2674           C_both    r0 success=False tok=  1688 calls=10 turns= 6 gold=['requests/adapters.py'] got=['.', '/', 'd', 'e', 'l', 'm', 'o', 'p', 'q', 'r', 's', 't', 'u', 'y']
psf__requests-2674           C_both    r1 success=False tok=  1049 calls= 6 turns= 4 gold=['requests/adapters.py'] got=['requests/models.py']
psf__requests-2674           C_both    r2 success=False tok=  1450 calls= 8 turns= 5 gold=['requests/adapters.py'] got=['.', '/', 'd', 'e', 'l', 'm', 'o', 'p', 'q', 'r', 's', 't', 'u', 'y']
psf__requests-2674           D_forced  r0 success=False tok=  1814 calls=11 turns= 7 gold=['requests/adapters.py'] got=['requests/models.py']
psf__requests-2674           D_forced  r1 success=False tok=  1657 calls= 9 turns= 6 gold=['requests/adapters.py'] got=['requests/models.py']
psf__requests-2674           D_forced  r2 success=True  tok=  2088 calls=10 turns= 5 gold=['requests/adapters.py'] got=['requests/adapters.py', 'requests/models.py']
psf__requests-3362           C_both    r0 success=True  tok=  1196 calls= 9 turns= 5 gold=['requests/utils.py'] got=['requests/utils.py']
psf__requests-3362           C_both    r1 success=True  tok=   866 calls= 6 turns= 4 gold=['requests/utils.py'] got=['requests/utils.py']
psf__requests-3362           C_both    r2 success=False tok=  1498 calls= 9 turns= 6 gold=['requests/utils.py'] got=['.', '/', 'e', 'i', 'l', 'p', 'q', 'r', 's', 't', 'u', 'y']
psf__requests-3362           D_forced  r0 success=True  tok=  1517 calls=10 turns= 7 gold=['requests/utils.py'] got=['requests/utils.py']
psf__requests-3362           D_forced  r1 success=False tok=  1098 calls= 9 turns= 5 gold=['requests/utils.py'] got=['.', '/', 'e', 'i', 'l', 'p', 'q', 'r', 's', 't', 'u', 'y']
psf__requests-3362           D_forced  r2 success=True  tok=   954 calls= 7 turns= 4 gold=['requests/utils.py'] got=['requests/utils.py']
psf__requests-863            C_both    r0 success=True  tok=   885 calls= 7 turns= 4 gold=['requests/models.py'] got=['requests/models.py']
psf__requests-863            C_both    r1 success=True  tok=   753 calls= 6 turns= 3 gold=['requests/models.py'] got=['requests/models.py']
psf__requests-863            C_both    r2 success=False tok=   644 calls= 5 turns= 3 gold=['requests/models.py'] got=['.', '/', 'd', 'e', 'l', 'm', 'o', 'p', 'q', 'r', 's', 't', 'u', 'y']
psf__requests-863            D_forced  r0 success=True  tok=   828 calls= 7 turns= 4 gold=['requests/models.py'] got=['requests/models.py']
psf__requests-863            D_forced  r1 success=False tok=   709 calls= 5 turns= 3 gold=['requests/models.py'] got=['.', '/', 'd', 'e', 'l', 'm', 'o', 'p', 'q', 'r', 's', 't', 'u', 'y']
psf__requests-863            D_forced  r2 success=True  tok=   671 calls= 5 turns= 3 gold=['requests/models.py'] got=['requests/models.py']

wrote 36 results to /Users/pc/.slock/agents/84c79992-928b-4b41-88ec-42bfee0edd9b/lsp-harness/runs/v0_results.jsonl
