psf__requests-1963           A_grep    r0 success=True  tok= 13239 calls= 6 turns= 5 got=['requests/sessions.py']
psf__requests-1963           A_grep    r1 success=True  tok=  9360 calls= 5 turns= 4 got=['requests/sessions.py']
psf__requests-1963           A_grep    r2 success=True  tok= 14568 calls= 5 turns= 5 got=['requests/sessions.py']
psf__requests-1963           B_lsp     r0 success=True  tok=  8271 calls= 6 turns= 5 got=['requests/sessions.py']
psf__requests-1963           B_lsp     r1 success=True  tok=  9869 calls= 7 turns= 7 got=['requests/sessions.py']
psf__requests-1963           B_lsp     r2 success=True  tok=  7879 calls= 5 turns= 5 got=['requests/sessions.py']
psf__requests-1963           C_both    r0 success=True  tok=  7417 calls= 5 turns= 4 got=['requests/sessions.py']
psf__requests-1963           C_both    r1 success=True  tok= 11694 calls= 6 turns= 6 got=['requests/sessions.py']
psf__requests-1963           C_both    r2 success=True  tok=  8208 calls= 6 turns= 5 got=['requests/sessions.py']
psf__requests-1963           D_forced  r0 success=True  tok=  7849 calls= 4 turns= 4 got=['requests/sessions.py']
psf__requests-1963           D_forced  r1 success=True  tok= 10969 calls= 6 turns= 5 got=['requests/sessions.py']
psf__requests-1963           D_forced  r2 success=True  tok=  8249 calls= 5 turns= 4 got=['requests/sessions.py']
psf__requests-2148           A_grep    r0 success=True  tok=  9784 calls=16 turns=12 got=['requests/models.py']
psf__requests-2148           A_grep    r1 success=True  tok= 13164 calls=11 turns= 7 got=['requests/models.py']
psf__requests-2148           A_grep    r2 success=True  tok=  9836 calls=15 turns= 9 got=['requests/models.py']
psf__requests-2148           B_lsp     r0 success=True  tok=  9337 calls= 9 turns= 7 got=['requests/models.py']
psf__requests-2148           B_lsp     r1 success=True  tok=  9029 calls=15 turns=15 got=['requests/models.py']
psf__requests-2148           B_lsp     r2 success=True  tok=  3756 calls=11 turns= 9 got=['requests/models.py']
psf__requests-2148           C_both    r0 success=True  tok= 10976 calls=13 turns=10 got=['requests/models.py']
psf__requests-2148           C_both    r1 success=True  tok= 10796 calls=16 turns=12 got=['requests/models.py']
psf__requests-2148           C_both    r2 success=True  tok=  6723 calls=12 turns= 8 got=['requests/models.py']
psf__requests-2148           D_forced  r0 success=True  tok= 11345 calls=14 turns=11 got=['requests/models.py']
psf__requests-2148           D_forced  r1 success=True  tok=  5065 calls=20 turns=16 got=['requests/models.py']
psf__requests-2148           D_forced  r2 success=True  tok=  3793 calls=12 turns= 8 got=['requests/models.py']
psf__requests-2317           A_grep    r0 success=True  tok= 14902 calls= 7 turns= 7 got=['requests/sessions.py']
psf__requests-2317           A_grep    r1 success=True  tok= 10541 calls= 8 turns= 6 got=['requests/sessions.py']
psf__requests-2317           A_grep    r2 success=True  tok= 11382 calls= 6 turns= 4 got=['requests/sessions.py']
psf__requests-2317           B_lsp     r0 success=True  tok=  9279 calls= 6 turns= 6 got=['requests/sessions.py']
psf__requests-2317           B_lsp     r1 success=True  tok=  3529 calls=14 turns=13 got=['requests/sessions.py']
psf__requests-2317           B_lsp     r2 success=False tok=  4164 calls=21 turns=20 got=[]
psf__requests-2317           C_both    r0 success=True  tok= 13155 calls= 9 turns= 9 got=['requests/sessions.py']
psf__requests-2317           C_both    r1 success=True  tok= 13014 calls=10 turns= 9 got=['requests/sessions.py']
psf__requests-2317           C_both    r2 success=True  tok=  8676 calls=10 turns= 6 got=['requests/sessions.py']
psf__requests-2317           D_forced  r0 success=True  tok= 13459 calls=12 turns=10 got=['requests/sessions.py']
psf__requests-2317           D_forced  r1 success=True  tok=  7162 calls=11 turns=10 got=['requests/sessions.py']
psf__requests-2317           D_forced  r2 success=True  tok=  6869 calls=10 turns= 8 got=['requests/sessions.py']
psf__requests-2674           A_grep    r0 success=True  tok= 12198 calls=21 turns=12 got=['requests/adapters.py', 'requests/exceptions.py']
psf__requests-2674           A_grep    r1 success=True  tok= 10256 calls=21 turns=17 got=['requests/adapters.py']
psf__requests-2674           A_grep    r2 success=True  tok=  8535 calls=21 turns=15 got=['requests/adapters.py']
psf__requests-2674           B_lsp     r0 success=True  tok= 12444 calls=14 turns=14 got=['requests/adapters.py']
psf__requests-2674           B_lsp     r1 success=True  tok=  7258 calls=18 turns=13 got=['requests/adapters.py']
psf__requests-2674           B_lsp     r2 success=True  tok=  8905 calls=13 turns=13 got=['requests/adapters.py']
psf__requests-2674           C_both    r0 success=True  tok=  6651 calls=17 turns=12 got=['requests/adapters.py']
psf__requests-2674           C_both    r1 success=True  tok= 13125 calls=24 turns=20 got=['requests/adapters.py']
psf__requests-2674           C_both    r2 success=True  tok=  8168 calls=22 turns=14 got=['requests/adapters.py']
psf__requests-2674           D_forced  r0 success=True  tok=  8796 calls=21 turns=11 got=['requests/adapters.py']
psf__requests-2674           D_forced  r1 success=True  tok=  8226 calls=25 turns=17 got=['requests/adapters.py']
psf__requests-2674           D_forced  r2 success=True  tok= 12930 calls=22 turns=17 got=['requests/adapters.py']
psf__requests-3362           A_grep    r0 success=True  tok= 16891 calls=12 turns= 9 got=['requests/utils.py']
psf__requests-3362           A_grep    r1 success=True  tok= 18121 calls=11 turns= 8 got=['requests/utils.py']
psf__requests-3362           A_grep    r2 success=False tok= 15958 calls=12 turns= 9 got=['requests/models.py']
psf__requests-3362           B_lsp     r0 success=True  tok= 14763 calls=16 turns=16 got=['requests/utils.py']
psf__requests-3362           B_lsp     r1 success=True  tok=  5617 calls=18 turns=15 got=['requests/utils.py']
psf__requests-3362           B_lsp     r2 success=True  tok= 11184 calls=19 turns=19 got=['requests/utils.py']
psf__requests-3362           C_both    r0 success=True  tok= 13827 calls=17 turns=15 got=['requests/utils.py']
psf__requests-3362           C_both    r1 success=False tok= 19115 calls=19 turns=17 got=[]
psf__requests-3362           C_both    r2 success=True  tok= 23915 calls=18 turns=17 got=['requests/utils.py']
psf__requests-3362           D_forced  r0 success=True  tok= 23561 calls=19 turns=17 got=['requests/utils.py']
psf__requests-3362           D_forced  r1 success=False tok= 16618 calls=17 turns=14 got=['requests/models.py']
psf__requests-3362           D_forced  r2 success=True  tok= 20873 calls=18 turns=17 got=['requests/utils.py']
psf__requests-863            A_grep    r0 success=True  tok= 14678 calls= 6 turns= 5 got=['requests/models.py']
psf__requests-863            A_grep    r1 success=True  tok=  5369 calls= 9 turns= 7 got=['requests/models.py']
psf__requests-863            A_grep    r2 success=True  tok=  9660 calls=12 turns=10 got=['requests/models.py']
psf__requests-863            B_lsp     r0 success=True  tok=  9821 calls= 9 turns= 9 got=['requests/models.py']
psf__requests-863            B_lsp     r1 success=True  tok=  8031 calls= 7 turns= 6 got=['requests/models.py']
psf__requests-863            B_lsp     r2 success=True  tok= 10603 calls=10 turns= 8 got=['requests/models.py']
psf__requests-863            C_both    r0 success=True  tok= 16569 calls=11 turns=10 got=['requests/models.py']
psf__requests-863            C_both    r1 success=True  tok= 12646 calls= 9 turns= 7 got=['requests/models.py']
psf__requests-863            C_both    r2 success=True  tok=  5864 calls= 9 turns= 7 got=['requests/models.py']
psf__requests-863            D_forced  r0 success=True  tok=  5156 calls=12 turns= 9 got=['requests/models.py']
psf__requests-863            D_forced  r1 success=True  tok=  6447 calls=13 turns= 9 got=['requests/models.py']
psf__requests-863            D_forced  r2 success=True  tok=  5133 calls=10 turns= 8 got=['requests/models.py']

wrote 72 results to /Users/pc/.slock/agents/84c79992-928b-4b41-88ec-42bfee0edd9b/lsp-harness/runs/sweep_haiku.jsonl
