psf__requests-1963           A_grep    r0 success=True  tok=   389 calls= 3 turns= 3 got=['requests/sessions.py']
psf__requests-1963           A_grep    r1 success=True  tok=   411 calls= 3 turns= 3 got=['requests/sessions.py']
psf__requests-1963           A_grep    r2 success=True  tok=   362 calls= 3 turns= 3 got=['requests/sessions.py']
psf__requests-1963           B_lsp     r0 success=True  tok=   407 calls= 3 turns= 3 got=['requests/sessions.py']
psf__requests-1963           B_lsp     r1 success=True  tok=   402 calls= 3 turns= 3 got=['requests/sessions.py']
psf__requests-1963           B_lsp     r2 success=True  tok=   413 calls= 3 turns= 3 got=['requests/sessions.py']
psf__requests-1963           C_both    r0 success=True  tok=   392 calls= 3 turns= 3 got=['requests/sessions.py']
psf__requests-1963           C_both    r1 success=True  tok=   429 calls= 3 turns= 3 got=['requests/sessions.py']
psf__requests-1963           C_both    r2 success=True  tok=   395 calls= 3 turns= 3 got=['requests/sessions.py']
psf__requests-1963           D_forced  r0 success=True  tok=  2062 calls= 3 turns= 3 got=['requests/sessions.py']
psf__requests-1963           D_forced  r1 success=True  tok=  2072 calls= 3 turns= 3 got=['requests/sessions.py']
psf__requests-1963           D_forced  r2 success=True  tok=  2070 calls= 3 turns= 3 got=['requests/sessions.py']
psf__requests-2148           A_grep    r0 success=True  tok=   594 calls= 6 turns= 4 got=['requests/models.py']
psf__requests-2148           A_grep    r1 success=True  tok=   674 calls= 6 turns= 4 got=['requests/models.py']
psf__requests-2148           A_grep    r2 success=True  tok=   547 calls= 5 turns= 4 got=['requests/models.py']
psf__requests-2148           B_lsp     r0 success=True  tok=   584 calls= 5 turns= 4 got=['requests/models.py']
psf__requests-2148           B_lsp     r1 success=True  tok=   538 calls= 4 turns= 4 got=['requests/models.py']
psf__requests-2148           B_lsp     r2 success=True  tok=   595 calls= 5 turns= 4 got=['requests/models.py']
psf__requests-2148           C_both    r0 success=True  tok=   696 calls= 7 turns= 5 got=['requests/models.py']
psf__requests-2148           C_both    r1 success=True  tok=   719 calls= 7 turns= 5 got=['requests/models.py']
psf__requests-2148           C_both    r2 success=True  tok=   689 calls= 7 turns= 5 got=['requests/models.py']
psf__requests-2148           D_forced  r0 success=True  tok=   450 calls= 4 turns= 3 got=['requests/models.py']
psf__requests-2148           D_forced  r1 success=True  tok=   788 calls= 7 turns= 6 got=['requests/models.py']
psf__requests-2148           D_forced  r2 success=True  tok=   478 calls= 5 turns= 4 got=['requests/models.py']
psf__requests-2317           A_grep    r0 success=True  tok=   435 calls= 4 turns= 3 got=['requests/sessions.py']
psf__requests-2317           A_grep    r1 success=True  tok=   446 calls= 4 turns= 3 got=['requests/sessions.py']
psf__requests-2317           A_grep    r2 success=True  tok=   417 calls= 4 turns= 3 got=['requests/sessions.py']
psf__requests-2317           B_lsp     r0 success=True  tok=   730 calls= 6 turns= 6 got=['requests/sessions.py']
psf__requests-2317           B_lsp     r1 success=True  tok=   800 calls= 7 turns= 6 got=['requests/sessions.py']
psf__requests-2317           B_lsp     r2 success=True  tok=  1245 calls=10 turns=10 got=['requests/models.py', 'requests/sessions.py']
psf__requests-2317           C_both    r0 success=True  tok=  2148 calls= 4 turns= 3 got=['requests/sessions.py']
psf__requests-2317           C_both    r1 success=True  tok=  2128 calls= 4 turns= 3 got=['requests/sessions.py']
psf__requests-2317           C_both    r2 success=True  tok=  2104 calls= 4 turns= 3 got=['requests/sessions.py']
psf__requests-2317           D_forced  r0 success=True  tok=   598 calls= 6 turns= 4 got=['requests/sessions.py']
psf__requests-2317           D_forced  r1 success=True  tok=   607 calls= 6 turns= 4 got=['requests/sessions.py']
psf__requests-2317           D_forced  r2 success=True  tok=   463 calls= 4 turns= 3 got=['requests/sessions.py']
psf__requests-2674           A_grep    r0 success=True  tok=   951 calls=10 turns= 6 got=['requests/adapters.py']
psf__requests-2674           A_grep    r1 success=True  tok=   986 calls=11 turns= 6 got=['requests/adapters.py']
psf__requests-2674           A_grep    r2 success=True  tok=   924 calls=10 turns= 6 got=['requests/adapters.py']
psf__requests-2674           B_lsp     r0 success=True  tok=   835 calls= 8 turns= 6 got=['requests/adapters.py']
psf__requests-2674           B_lsp     r1 success=True  tok=  1262 calls=11 turns= 8 got=['requests/adapters.py']
psf__requests-2674           B_lsp     r2 success=True  tok=   944 calls= 9 turns= 6 got=['requests/adapters.py']
psf__requests-2674           C_both    r0 success=True  tok=  1007 calls=10 turns= 6 got=['requests/adapters.py']
psf__requests-2674           C_both    r1 success=True  tok=  1133 calls=11 turns= 6 got=['requests/adapters.py']
psf__requests-2674           C_both    r2 success=True  tok=   894 calls= 8 turns= 5 got=['requests/adapters.py', 'requests/models.py']
psf__requests-2674           D_forced  r0 success=True  tok=  1086 calls=11 turns= 6 got=['requests/adapters.py']
psf__requests-2674           D_forced  r1 success=True  tok=  1071 calls=11 turns= 6 got=['requests/adapters.py']
psf__requests-2674           D_forced  r2 success=True  tok=   898 calls= 9 turns= 6 got=['requests/adapters.py']
psf__requests-3362           A_grep    r0 success=True  tok=   599 calls= 6 turns= 5 got=['requests/utils.py']
psf__requests-3362           A_grep    r1 success=True  tok=   761 calls= 7 turns= 6 got=['requests/utils.py']
psf__requests-3362           A_grep    r2 success=True  tok=   809 calls= 8 turns= 7 got=['requests/utils.py']
psf__requests-3362           B_lsp     r0 success=True  tok=  3256 calls=14 turns=10 got=['requests/utils.py']
psf__requests-3362           B_lsp     r1 success=True  tok=  1301 calls=13 turns=10 got=['requests/utils.py']
psf__requests-3362           B_lsp     r2 success=True  tok=  1023 calls=10 turns= 9 got=['requests/utils.py']
psf__requests-3362           C_both    r0 success=True  tok=   647 calls= 6 turns= 5 got=['requests/utils.py']
psf__requests-3362           C_both    r1 success=True  tok=   821 calls= 8 turns= 7 got=['requests/utils.py']
psf__requests-3362           C_both    r2 success=True  tok=   859 calls= 8 turns= 7 got=['requests/utils.py']
psf__requests-3362           D_forced  r0 success=True  tok=   843 calls= 8 turns= 7 got=['requests/utils.py']
psf__requests-3362           D_forced  r1 success=True  tok=   615 calls= 6 turns= 5 got=['requests/utils.py']
psf__requests-3362           D_forced  r2 success=True  tok=   653 calls= 6 turns= 5 got=['requests/utils.py']
psf__requests-863            A_grep    r0 success=True  tok=   531 calls= 5 turns= 4 got=['requests/models.py']
psf__requests-863            A_grep    r1 success=True  tok=   536 calls= 5 turns= 4 got=['requests/models.py']
psf__requests-863            A_grep    r2 success=True  tok=   529 calls= 5 turns= 4 got=['requests/models.py']
psf__requests-863            B_lsp     r0 success=True  tok=  2522 calls= 9 turns= 7 got=['requests/models.py']
psf__requests-863            B_lsp     r1 success=True  tok=  4389 calls= 9 turns= 8 got=['requests/models.py']
psf__requests-863            B_lsp     r2 success=True  tok=  2502 calls= 8 turns= 8 got=['requests/models.py']
psf__requests-863            C_both    r0 success=True  tok=   522 calls= 5 turns= 4 got=['requests/models.py']
psf__requests-863            C_both    r1 success=True  tok=  2450 calls= 5 turns= 3 got=['requests/models.py']
psf__requests-863            C_both    r2 success=True  tok=   544 calls= 5 turns= 4 got=['requests/models.py']
psf__requests-863            D_forced  r0 success=True  tok=  2480 calls= 5 turns= 3 got=['requests/models.py']
psf__requests-863            D_forced  r1 success=True  tok=   525 calls= 5 turns= 4 got=['requests/models.py']
psf__requests-863            D_forced  r2 success=True  tok=   504 calls= 5 turns= 3 got=['requests/models.py']

wrote 72 results to /Users/pc/.slock/agents/84c79992-928b-4b41-88ec-42bfee0edd9b/lsp-harness/runs/sweep_sonnet.jsonl
