psf__requests-1963           A_grep    r0 success=True  tok=   532 calls= 3 turns= 3 got=['requests/sessions.py']
psf__requests-1963           A_grep    r1 success=True  tok=   415 calls= 3 turns= 3 got=['requests/sessions.py']
psf__requests-1963           A_grep    r2 success=True  tok=   413 calls= 3 turns= 3 got=['requests/sessions.py']
psf__requests-1963           B_lsp     r0 success=True  tok=   454 calls= 3 turns= 3 got=['requests/sessions.py']
psf__requests-1963           B_lsp     r1 success=True  tok=   446 calls= 3 turns= 3 got=['requests/sessions.py']
psf__requests-1963           B_lsp     r2 success=True  tok=   472 calls= 3 turns= 3 got=['requests/sessions.py']
psf__requests-1963           C_both    r0 success=True  tok=   489 calls= 3 turns= 3 got=['requests/sessions.py']
psf__requests-1963           C_both    r1 success=True  tok=   500 calls= 3 turns= 3 got=['requests/sessions.py']
psf__requests-1963           C_both    r2 success=True  tok=   477 calls= 3 turns= 3 got=['requests/sessions.py']
psf__requests-1963           D_forced  r0 success=True  tok=   457 calls= 3 turns= 3 got=['requests/sessions.py']
psf__requests-1963           D_forced  r1 success=True  tok=   550 calls= 3 turns= 3 got=['requests/sessions.py']
psf__requests-1963           D_forced  r2 success=True  tok=   404 calls= 3 turns= 3 got=['requests/sessions.py']
psf__requests-2148           A_grep    r0 success=True  tok=   957 calls= 6 turns= 3 got=['requests/models.py']
psf__requests-2148           A_grep    r1 success=True  tok=  1141 calls= 8 turns= 4 got=['requests/models.py']
psf__requests-2148           A_grep    r2 success=True  tok=  1442 calls= 9 turns= 4 got=['requests/models.py']
psf__requests-2148           B_lsp     r0 success=True  tok=  1138 calls= 7 turns= 4 got=['requests/models.py']
psf__requests-2148           B_lsp     r1 success=True  tok=   789 calls= 4 turns= 3 got=['requests/models.py']
psf__requests-2148           B_lsp     r2 success=True  tok=   814 calls= 5 turns= 3 got=['requests/models.py']
psf__requests-2148           C_both    r0 success=True  tok=   744 calls= 5 turns= 3 got=['requests/models.py']
psf__requests-2148           C_both    r1 success=True  tok=  1382 calls= 8 turns= 5 got=['requests/models.py']
psf__requests-2148           C_both    r2 success=True  tok=  1086 calls= 8 turns= 4 got=['requests/models.py']
psf__requests-2148           D_forced  r0 success=True  tok=  1622 calls=10 turns= 6 got=['requests/models.py']
psf__requests-2148           D_forced  r1 success=True  tok=  1255 calls= 7 turns= 4 got=['requests/models.py']
psf__requests-2148           D_forced  r2 success=True  tok=  1570 calls= 8 turns= 5 got=['requests/models.py']
psf__requests-2317           A_grep    r0 success=True  tok=   551 calls= 4 turns= 3 got=['requests/sessions.py']
psf__requests-2317           A_grep    r1 success=True  tok=   627 calls= 5 turns= 3 got=['requests/sessions.py']
psf__requests-2317           A_grep    r2 success=True  tok=   501 calls= 4 turns= 3 got=['requests/sessions.py']
psf__requests-2317           B_lsp     r0 success=True  tok=   668 calls= 4 turns= 3 got=['requests/sessions.py']
psf__requests-2317           B_lsp     r1 success=True  tok=  1200 calls= 8 turns= 5 got=['requests/sessions.py']
psf__requests-2317           B_lsp     r2 success=True  tok=   826 calls= 5 turns= 4 got=['requests/sessions.py']
psf__requests-2317           C_both    r0 success=True  tok=   602 calls= 5 turns= 3 got=['requests/sessions.py']
psf__requests-2317           C_both    r1 success=True  tok=   598 calls= 5 turns= 3 got=['requests/sessions.py']
psf__requests-2317           C_both    r2 success=True  tok=   421 calls= 3 turns= 3 got=['requests/sessions.py']
psf__requests-2317           D_forced  r0 success=True  tok=   596 calls= 5 turns= 3 got=['requests/sessions.py']
psf__requests-2317           D_forced  r1 success=True  tok=   467 calls= 3 turns= 3 got=['requests/sessions.py']
psf__requests-2317           D_forced  r2 success=True  tok=   663 calls= 5 turns= 3 got=['requests/sessions.py']
psf__requests-2674           A_grep    r0 success=True  tok=  1364 calls= 8 turns= 4 got=['requests/adapters.py', 'requests/models.py']
psf__requests-2674           A_grep    r1 success=True  tok=  1964 calls= 9 turns= 5 got=['requests/adapters.py', 'requests/models.py']
psf__requests-2674           A_grep    r2 success=True  tok=  1301 calls= 8 turns= 4 got=['requests/adapters.py', 'requests/models.py']
psf__requests-2674           B_lsp     r0 success=True  tok=  1627 calls= 8 turns= 4 got=['requests/adapters.py', 'requests/models.py']
psf__requests-2674           B_lsp     r1 success=True  tok=  1356 calls= 7 turns= 4 got=['requests/adapters.py', 'requests/models.py']
psf__requests-2674           B_lsp     r2 success=True  tok=  1527 calls= 8 turns= 4 got=['requests/adapters.py', 'requests/models.py']
psf__requests-2674           C_both    r0 success=True  tok=  1322 calls= 9 turns= 5 got=['requests/adapters.py', 'requests/models.py']
psf__requests-2674           C_both    r1 success=True  tok=  2159 calls= 9 turns= 5 got=['requests/adapters.py', 'requests/models.py']
psf__requests-2674           C_both    r2 success=True  tok=  1432 calls= 8 turns= 4 got=['requests/adapters.py', 'requests/models.py']
psf__requests-2674           D_forced  r0 success=True  tok=  2306 calls=13 turns= 7 got=['requests/adapters.py', 'requests/models.py']
psf__requests-2674           D_forced  r1 success=False tok=  1766 calls=12 turns= 7 got=['requests/models.py']
psf__requests-2674           D_forced  r2 success=False tok=  1227 calls= 8 turns= 5 got=['requests/models.py']
psf__requests-3362           A_grep    r0 success=True  tok=  1078 calls= 8 turns= 4 got=['requests/utils.py']
psf__requests-3362           A_grep    r1 success=True  tok=   878 calls= 6 turns= 3 got=['requests/utils.py']
psf__requests-3362           A_grep    r2 success=True  tok=   859 calls= 6 turns= 3 got=['requests/utils.py']
psf__requests-3362           B_lsp     r0 success=True  tok=   999 calls= 7 turns= 5 got=['requests/utils.py']
psf__requests-3362           B_lsp     r1 success=True  tok=  1357 calls= 7 turns= 6 got=['requests/utils.py']
psf__requests-3362           B_lsp     r2 success=True  tok=  1260 calls= 8 turns= 5 got=['requests/utils.py']
psf__requests-3362           C_both    r0 success=True  tok=  1057 calls= 8 turns= 5 got=['requests/utils.py']
psf__requests-3362           C_both    r1 success=True  tok=  1415 calls= 9 turns= 5 got=['requests/utils.py']
psf__requests-3362           C_both    r2 success=True  tok=   815 calls= 6 turns= 3 got=['requests/utils.py']
psf__requests-3362           D_forced  r0 success=True  tok=   724 calls= 5 turns= 3 got=['requests/utils.py']
psf__requests-3362           D_forced  r1 success=True  tok=  1288 calls= 9 turns= 5 got=['requests/utils.py']
psf__requests-3362           D_forced  r2 success=True  tok=  1272 calls=10 turns= 5 got=['requests/utils.py']
psf__requests-863            A_grep    r0 success=True  tok=   907 calls= 7 turns= 4 got=['requests/models.py']
psf__requests-863            A_grep    r1 success=True  tok=   868 calls= 7 turns= 4 got=['requests/models.py']
psf__requests-863            A_grep    r2 success=True  tok=   757 calls= 6 turns= 3 got=['requests/models.py']
psf__requests-863            B_lsp     r0 success=True  tok=   669 calls= 5 turns= 3 got=['requests/models.py']
psf__requests-863            B_lsp     r1 success=True  tok=   938 calls= 6 turns= 4 got=['requests/models.py']
psf__requests-863            B_lsp     r2 success=True  tok=   941 calls= 6 turns= 4 got=['requests/models.py']
psf__requests-863            C_both    r0 success=True  tok=   655 calls= 5 turns= 3 got=['requests/models.py']
psf__requests-863            C_both    r1 success=True  tok=   650 calls= 6 turns= 3 got=['requests/models.py']
psf__requests-863            C_both    r2 success=True  tok=   745 calls= 7 turns= 4 got=['requests/models.py']
psf__requests-863            D_forced  r0 success=True  tok=   640 calls= 5 turns= 3 got=['requests/models.py']
psf__requests-863            D_forced  r1 success=True  tok=   664 calls= 5 turns= 3 got=['requests/models.py']
psf__requests-863            D_forced  r2 success=True  tok=   649 calls= 5 turns= 3 got=['requests/models.py']

wrote 72 results to /Users/pc/.slock/agents/84c79992-928b-4b41-88ec-42bfee0edd9b/lsp-harness/runs/v1_all_arms.jsonl
